c:\users\tohdj\documents\2022_2023_sem1\dm2213 2d game creation\teaching materials\week 06\practical\nyp_framework_week16_solution\app\debug\vc142.pdb
c:\users\tohdj\documents\2022_2023_sem1\dm2213 2d game creation\teaching materials\week 06\practical\nyp_framework_week16_solution\app\debug\vc142.idb
c:\users\tohdj\documents\2022_2023_sem1\dm2213 2d game creation\teaching materials\week 06\practical\nyp_framework_week16_solution\app\debug\scene2d.obj
c:\users\tohdj\documents\2022_2023_sem1\dm2213 2d game creation\teaching materials\week 06\practical\nyp_framework_week16_solution\app\debug\player2d.obj
c:\users\tohdj\documents\2022_2023_sem1\dm2213 2d game creation\teaching materials\week 06\practical\nyp_framework_week16_solution\app\debug\physics2d.obj
c:\users\tohdj\documents\2022_2023_sem1\dm2213 2d game creation\teaching materials\week 06\practical\nyp_framework_week16_solution\app\debug\map2d.obj
c:\users\tohdj\documents\2022_2023_sem1\dm2213 2d game creation\teaching materials\week 06\practical\nyp_framework_week16_solution\app\debug\inventorymanager.obj
c:\users\tohdj\documents\2022_2023_sem1\dm2213 2d game creation\teaching materials\week 06\practical\nyp_framework_week16_solution\app\debug\inventoryitem.obj
c:\users\tohdj\documents\2022_2023_sem1\dm2213 2d game creation\teaching materials\week 06\practical\nyp_framework_week16_solution\app\debug\gui_scene2d.obj
c:\users\tohdj\documents\2022_2023_sem1\dm2213 2d game creation\teaching materials\week 06\practical\nyp_framework_week16_solution\app\debug\main.obj
c:\users\tohdj\documents\2022_2023_sem1\dm2213 2d game creation\teaching materials\week 06\practical\nyp_framework_week16_solution\app\debug\application.obj
c:\users\tohdj\documents\2022_2023_sem1\dm2213 2d game creation\teaching materials\week 06\practical\nyp_framework_week16_solution\debug\app.exe
c:\users\tohdj\documents\2022_2023_sem1\dm2213 2d game creation\teaching materials\week 06\practical\nyp_framework_week16_solution\debug\app.ilk
c:\users\tohdj\documents\2022_2023_sem1\dm2213 2d game creation\teaching materials\week 06\practical\nyp_framework_week16_solution\debug\app.pdb
c:\users\tohdj\documents\2022_2023_sem1\dm2213 2d game creation\teaching materials\week 06\practical\nyp_framework_week16_solution\app\debug\app.tlog\cl.command.1.tlog
c:\users\tohdj\documents\2022_2023_sem1\dm2213 2d game creation\teaching materials\week 06\practical\nyp_framework_week16_solution\app\debug\app.tlog\cl.read.1.tlog
c:\users\tohdj\documents\2022_2023_sem1\dm2213 2d game creation\teaching materials\week 06\practical\nyp_framework_week16_solution\app\debug\app.tlog\cl.write.1.tlog
c:\users\tohdj\documents\2022_2023_sem1\dm2213 2d game creation\teaching materials\week 06\practical\nyp_framework_week16_solution\app\debug\app.tlog\link.command.1.tlog
c:\users\tohdj\documents\2022_2023_sem1\dm2213 2d game creation\teaching materials\week 06\practical\nyp_framework_week16_solution\app\debug\app.tlog\link.read.1.tlog
c:\users\tohdj\documents\2022_2023_sem1\dm2213 2d game creation\teaching materials\week 06\practical\nyp_framework_week16_solution\app\debug\app.tlog\link.write.1.tlog
